FEKO.CSV  Version 2017-339 from 2016-12-07
          PREFEKO Version 2017-30 from 2016-11-18 [FEK: default 156; used 156] BINARY
          CADFEKO version unknown                                                         
          Copyright (c) 1999-2014 Altair Development S.A. (Pty) Ltd
          Copyright (c) 2014-2016 Altair Engineering, Inc.
          Intel(R) MKL version 11.3.4 (build 20160823) on Intel(R) Supplemental Streaming SIMD Extensions 3 (Intel(R) SSSE3) enabled processors, Intel(R) 64 architecture (1 thread)
Computer: PC LINUX EM64T MKL IMPI -- rokie-desktop
          Linux x86_64 4.4.0-64-generic
          Intel(R) Core(TM)2 CPU         E7400  @ 2.80GHz; GenuineIntel family 6 model 7 stepping 10 brand id 0
          1 physical CPU with a total of 2 processors found (multi-core CPU with max. 2 cores per physical CPU)
Threads:  OpenMP threading not used
Date:     2017-03-06 11:06:55                     
File:     SimpleSquare
Memory:   Unlimited, system allows maximum usage of 894.790 MByte
          (for parallel runs memory limit is per process)
          (installed memory 1.942 GByte, thereof free 94.035 MByte)
MD5 Check:922DB617E22D46F9F4A6E316D43C8DD1
MD5 Total:FA6EEAC7BE96F0B5FE8939B71CE041F2
 Licence:  Altair HyperWorks

Number of parallel processes:     2 on 1 CPUs

Master process    0 on machine: rokie-desktop                  using 1 threads
Server process    1 on machine: rokie-desktop                  using 1 threads


SPICE
  Engine:      NGSPICE
  Executable:  /home/rokie/2017/altair/feko/bin/ngspice

          Surface of all triangles in m*m:     1.00000E+00


                         DATA OF THE METALLIC TRIANGLES

 no.       label     x1 in m     y1 in m     z1 in m       edges 
          medium     x2 in m     y2 in m     z2 in m
          medium     x3 in m     y3 in m     z3 in m
                       nx          ny          nz          area in m*m
        1      0   9.0000E-01  5.0000E-01  0.0000E+00            1         2                               
          Free s   1.0000E+00  5.0000E-01  0.0000E+00
          Free s   1.0000E+00  6.0000E-01  0.0000E+00
                   0.0000E+00  0.0000E+00  1.0000E+00      5.0000E-03
        2      0   9.0000E-01  5.0000E-01  0.0000E+00           -1         3         4                     
          Free s   1.0000E+00  6.0000E-01  0.0000E+00
          Free s   9.0000E-01  6.0000E-01  0.0000E+00
                   0.0000E+00  0.0000E+00  1.0000E+00      5.0000E-03
        3      0   9.0000E-01  6.0000E-01  0.0000E+00           -3         5                               
          Free s   1.0000E+00  6.0000E-01  0.0000E+00
          Free s   1.0000E+00  7.0000E-01  0.0000E+00
                   0.0000E+00  0.0000E+00  1.0000E+00      5.0000E-03
        4      0   1.0000E+00  8.0000E-01  0.0000E+00            6         7                               
          Free s   1.0000E+00  9.0000E-01  0.0000E+00
          Free s   9.0000E-01  9.0000E-01  0.0000E+00
                   0.0000E+00  0.0000E+00  1.0000E+00      5.0000E-03
        5      0   9.0000E-01  9.0000E-01  0.0000E+00           -6         8                               
          Free s   1.0000E+00  9.0000E-01  0.0000E+00
          Free s   1.0000E+00  1.0000E+00  0.0000E+00
                   0.0000E+00  0.0000E+00  1.0000E+00      5.0000E-03
        6      0   1.0000E+00  0.0000E+00  0.0000E+00            9        10                               
          Free s   1.0000E+00  1.0000E-01  0.0000E+00
          Free s   9.0000E-01  1.0000E-01  0.0000E+00
                   0.0000E+00  0.0000E+00  1.0000E+00      5.0000E-03
        7      0   1.0000E+00  1.0000E-01  0.0000E+00           11        12                               
          Free s   1.0000E+00  2.0000E-01  0.0000E+00
          Free s   9.0000E-01  2.0000E-01  0.0000E+00
                   0.0000E+00  0.0000E+00  1.0000E+00      5.0000E-03
        8      0   1.0000E+00  2.0000E-01  0.0000E+00           13        14                               
          Free s   1.0000E+00  3.0000E-01  0.0000E+00
          Free s   9.0000E-01  3.0000E-01  0.0000E+00
                   0.0000E+00  0.0000E+00  1.0000E+00      5.0000E-03
        9      0   9.0000E-01  2.0000E-01  0.0000E+00          -11       -13        15                     
          Free s   1.0000E+00  2.0000E-01  0.0000E+00
          Free s   9.0000E-01  3.0000E-01  0.0000E+00
                   0.0000E+00  0.0000E+00  1.0000E+00      5.0000E-03
       10      0   9.0000E-01  3.0000E-01  0.0000E+00          -14        16                               
          Free s   1.0000E+00  3.0000E-01  0.0000E+00
          Free s   1.0000E+00  4.0000E-01  0.0000E+00
                   0.0000E+00  0.0000E+00  1.0000E+00      5.0000E-03
       11      0   1.0000E+00  4.0000E-01  0.0000E+00           -2        17                               
          Free s   1.0000E+00  5.0000E-01  0.0000E+00
          Free s   9.0000E-01  5.0000E-01  0.0000E+00
                   0.0000E+00  0.0000E+00  1.0000E+00      5.0000E-03
       12      0   9.0000E-01  4.0000E-01  0.0000E+00          -17        18        19                     
          Free s   1.0000E+00  4.0000E-01  0.0000E+00
          Free s   9.0000E-01  5.0000E-01  0.0000E+00
                   0.0000E+00  0.0000E+00  1.0000E+00      5.0000E-03
       13      0   9.0000E-01  0.0000E+00  0.0000E+00           -9        20                               
          Free s   1.0000E+00  0.0000E+00  0.0000E+00
          Free s   9.0000E-01  1.0000E-01  0.0000E+00
                   0.0000E+00  0.0000E+00  1.0000E+00      5.0000E-03
       14      0   9.0000E-01  1.0000E-01  0.0000E+00          -10       -12        21                     
          Free s   1.0000E+00  1.0000E-01  0.0000E+00
          Free s   9.0000E-01  2.0000E-01  0.0000E+00
                   0.0000E+00  0.0000E+00  1.0000E+00      5.0000E-03
       15      0   9.0000E-01  3.0000E-01  0.0000E+00          -16       -18        22                     
          Free s   1.0000E+00  4.0000E-01  0.0000E+00
          Free s   9.0000E-01  4.0000E-01  0.0000E+00
                   0.0000E+00  0.0000E+00  1.0000E+00      5.0000E-03
       16      0   9.0000E-01  6.0000E-01  0.0000E+00           -5        23        24                     
          Free s   1.0000E+00  7.0000E-01  0.0000E+00
          Free s   9.0000E-01  7.0000E-01  0.0000E+00
                   0.0000E+00  0.0000E+00  1.0000E+00      5.0000E-03
       17      0   1.0000E+00  7.0000E-01  0.0000E+00           25        26                               
          Free s   1.0000E+00  8.0000E-01  0.0000E+00
          Free s   9.0000E-01  8.0000E-01  0.0000E+00
                   0.0000E+00  0.0000E+00  1.0000E+00      5.0000E-03
       18      0   9.0000E-01  8.0000E-01  0.0000E+00           -7       -25        27                     
          Free s   1.0000E+00  8.0000E-01  0.0000E+00
          Free s   9.0000E-01  9.0000E-01  0.0000E+00
                   0.0000E+00  0.0000E+00  1.0000E+00      5.0000E-03
       19      0   9.0000E-01  9.0000E-01  0.0000E+00           -8        28                               
          Free s   1.0000E+00  1.0000E+00  0.0000E+00
          Free s   9.0000E-01  1.0000E+00  0.0000E+00
                   0.0000E+00  0.0000E+00  1.0000E+00      5.0000E-03
       20      0   9.0000E-01  7.0000E-01  0.0000E+00          -23       -26        29                     
          Free s   1.0000E+00  7.0000E-01  0.0000E+00
          Free s   9.0000E-01  8.0000E-01  0.0000E+00
                   0.0000E+00  0.0000E+00  1.0000E+00      5.0000E-03
       21      0   8.0000E-01  5.0000E-01  0.0000E+00           -4        30        31                     
          Free s   9.0000E-01  5.0000E-01  0.0000E+00
          Free s   9.0000E-01  6.0000E-01  0.0000E+00
                   0.0000E+00  0.0000E+00  1.0000E+00      5.0000E-03
       22      0   8.0000E-01  5.0000E-01  0.0000E+00          -30        32        33                     
          Free s   9.0000E-01  6.0000E-01  0.0000E+00
          Free s   8.0000E-01  6.0000E-01  0.0000E+00
                   0.0000E+00  0.0000E+00  1.0000E+00      5.0000E-03
       23      0   8.0000E-01  6.0000E-01  0.0000E+00          -24       -32        34                     
          Free s   9.0000E-01  6.0000E-01  0.0000E+00
          Free s   9.0000E-01  7.0000E-01  0.0000E+00
                   0.0000E+00  0.0000E+00  1.0000E+00      5.0000E-03
       24      0   9.0000E-01  8.0000E-01  0.0000E+00          -27        35        36                     
          Free s   9.0000E-01  9.0000E-01  0.0000E+00
          Free s   8.0000E-01  9.0000E-01  0.0000E+00
                   0.0000E+00  0.0000E+00  1.0000E+00      5.0000E-03
       25      0   8.0000E-01  9.0000E-01  0.0000E+00          -28       -35        37                     
          Free s   9.0000E-01  9.0000E-01  0.0000E+00
          Free s   9.0000E-01  1.0000E+00  0.0000E+00
                   0.0000E+00  0.0000E+00  1.0000E+00      5.0000E-03
       26      0   9.0000E-01  0.0000E+00  0.0000E+00          -20        38        39                     
          Free s   9.0000E-01  1.0000E-01  0.0000E+00
          Free s   8.0000E-01  1.0000E-01  0.0000E+00
                   0.0000E+00  0.0000E+00  1.0000E+00      5.0000E-03
       27      0   8.0000E-01  0.0000E+00  0.0000E+00          -38        40                               
          Free s   9.0000E-01  0.0000E+00  0.0000E+00
          Free s   8.0000E-01  1.0000E-01  0.0000E+00
                   0.0000E+00  0.0000E+00  1.0000E+00      5.0000E-03
       28      0   9.0000E-01  1.0000E-01  0.0000E+00          -21        41        42                     
          Free s   9.0000E-01  2.0000E-01  0.0000E+00
          Free s   8.0000E-01  2.0000E-01  0.0000E+00
                   0.0000E+00  0.0000E+00  1.0000E+00      5.0000E-03
       29      0   8.0000E-01  1.0000E-01  0.0000E+00          -39       -41        43                     
          Free s   9.0000E-01  1.0000E-01  0.0000E+00
          Free s   8.0000E-01  2.0000E-01  0.0000E+00
                   0.0000E+00  0.0000E+00  1.0000E+00      5.0000E-03
       30      0   9.0000E-01  2.0000E-01  0.0000E+00          -15        44        45                     
          Free s   9.0000E-01  3.0000E-01  0.0000E+00
          Free s   8.0000E-01  3.0000E-01  0.0000E+00
                   0.0000E+00  0.0000E+00  1.0000E+00      5.0000E-03
       31      0   8.0000E-01  2.0000E-01  0.0000E+00          -42       -44        46                     
          Free s   9.0000E-01  2.0000E-01  0.0000E+00
          Free s   8.0000E-01  3.0000E-01  0.0000E+00
                   0.0000E+00  0.0000E+00  1.0000E+00      5.0000E-03
       32      0   8.0000E-01  3.0000E-01  0.0000E+00          -22       -45        47                     
          Free s   9.0000E-01  3.0000E-01  0.0000E+00
          Free s   9.0000E-01  4.0000E-01  0.0000E+00
                   0.0000E+00  0.0000E+00  1.0000E+00      5.0000E-03
       33      0   9.0000E-01  4.0000E-01  0.0000E+00          -19       -31        48                     
          Free s   9.0000E-01  5.0000E-01  0.0000E+00
          Free s   8.0000E-01  5.0000E-01  0.0000E+00
                   0.0000E+00  0.0000E+00  1.0000E+00      5.0000E-03
       34      0   8.0000E-01  4.0000E-01  0.0000E+00          -48        49        50                     
          Free s   9.0000E-01  4.0000E-01  0.0000E+00
          Free s   8.0000E-01  5.0000E-01  0.0000E+00
                   0.0000E+00  0.0000E+00  1.0000E+00      5.0000E-03
       35      0   8.0000E-01  3.0000E-01  0.0000E+00          -47       -49        51                     
          Free s   9.0000E-01  4.0000E-01  0.0000E+00
          Free s   8.0000E-01  4.0000E-01  0.0000E+00
                   0.0000E+00  0.0000E+00  1.0000E+00      5.0000E-03
       36      0   8.0000E-01  6.0000E-01  0.0000E+00          -34        52        53                     
          Free s   9.0000E-01  7.0000E-01  0.0000E+00
          Free s   8.0000E-01  7.0000E-01  0.0000E+00
                   0.0000E+00  0.0000E+00  1.0000E+00      5.0000E-03
       37      0   9.0000E-01  7.0000E-01  0.0000E+00          -29        54        55                     
          Free s   9.0000E-01  8.0000E-01  0.0000E+00
          Free s   8.0000E-01  8.0000E-01  0.0000E+00
                   0.0000E+00  0.0000E+00  1.0000E+00      5.0000E-03
       38      0   8.0000E-01  8.0000E-01  0.0000E+00          -36       -54        56                     
          Free s   9.0000E-01  8.0000E-01  0.0000E+00
          Free s   8.0000E-01  9.0000E-01  0.0000E+00
                   0.0000E+00  0.0000E+00  1.0000E+00      5.0000E-03
       39      0   8.0000E-01  9.0000E-01  0.0000E+00          -37        57                               
          Free s   9.0000E-01  1.0000E+00  0.0000E+00
          Free s   8.0000E-01  1.0000E+00  0.0000E+00
                   0.0000E+00  0.0000E+00  1.0000E+00      5.0000E-03
       40      0   8.0000E-01  7.0000E-01  0.0000E+00          -52       -55        58                     
          Free s   9.0000E-01  7.0000E-01  0.0000E+00
          Free s   8.0000E-01  8.0000E-01  0.0000E+00
                   0.0000E+00  0.0000E+00  1.0000E+00      5.0000E-03
       41      0   7.0000E-01  5.0000E-01  0.0000E+00          -33        59        60                     
          Free s   8.0000E-01  5.0000E-01  0.0000E+00
          Free s   8.0000E-01  6.0000E-01  0.0000E+00
                   0.0000E+00  0.0000E+00  1.0000E+00      5.0000E-03
       42      0   7.0000E-01  6.0000E-01  0.0000E+00          -53        61        62                     
          Free s   8.0000E-01  6.0000E-01  0.0000E+00
          Free s   8.0000E-01  7.0000E-01  0.0000E+00
                   0.0000E+00  0.0000E+00  1.0000E+00      5.0000E-03
       43      0   8.0000E-01  8.0000E-01  0.0000E+00          -56        63        64                     
          Free s   8.0000E-01  9.0000E-01  0.0000E+00
          Free s   7.0000E-01  9.0000E-01  0.0000E+00
                   0.0000E+00  0.0000E+00  1.0000E+00      5.0000E-03
       44      0   7.0000E-01  9.0000E-01  0.0000E+00          -57       -63        65                     
          Free s   8.0000E-01  9.0000E-01  0.0000E+00
          Free s   8.0000E-01  1.0000E+00  0.0000E+00
                   0.0000E+00  0.0000E+00  1.0000E+00      5.0000E-03
       45      0   8.0000E-01  0.0000E+00  0.0000E+00          -40        66        67                     
          Free s   8.0000E-01  1.0000E-01  0.0000E+00
          Free s   7.0000E-01  1.0000E-01  0.0000E+00
                   0.0000E+00  0.0000E+00  1.0000E+00      5.0000E-03
       46      0   8.0000E-01  1.0000E-01  0.0000E+00          -43        68        69                     
          Free s   8.0000E-01  2.0000E-01  0.0000E+00
          Free s   7.0000E-01  2.0000E-01  0.0000E+00
                   0.0000E+00  0.0000E+00  1.0000E+00      5.0000E-03
       47      0   7.0000E-01  1.0000E-01  0.0000E+00          -66       -68        70                     
          Free s   8.0000E-01  1.0000E-01  0.0000E+00
          Free s   7.0000E-01  2.0000E-01  0.0000E+00
                   0.0000E+00  0.0000E+00  1.0000E+00      5.0000E-03
       48      0   8.0000E-01  2.0000E-01  0.0000E+00          -46        71        72                     
          Free s   8.0000E-01  3.0000E-01  0.0000E+00
          Free s   7.0000E-01  3.0000E-01  0.0000E+00
                   0.0000E+00  0.0000E+00  1.0000E+00      5.0000E-03
       49      0   7.0000E-01  2.0000E-01  0.0000E+00          -69       -71        73                     
          Free s   8.0000E-01  2.0000E-01  0.0000E+00
          Free s   7.0000E-01  3.0000E-01  0.0000E+00
                   0.0000E+00  0.0000E+00  1.0000E+00      5.0000E-03
       50      0   7.0000E-01  3.0000E-01  0.0000E+00          -51       -72        74                     
          Free s   8.0000E-01  3.0000E-01  0.0000E+00
          Free s   8.0000E-01  4.0000E-01  0.0000E+00
                   0.0000E+00  0.0000E+00  1.0000E+00      5.0000E-03
       51      0   7.0000E-01  3.0000E-01  0.0000E+00          -74        75        76                     
          Free s   8.0000E-01  4.0000E-01  0.0000E+00
          Free s   7.0000E-01  4.0000E-01  0.0000E+00
                   0.0000E+00  0.0000E+00  1.0000E+00      5.0000E-03
       52      0   8.0000E-01  4.0000E-01  0.0000E+00          -50       -59        77                     
          Free s   8.0000E-01  5.0000E-01  0.0000E+00
          Free s   7.0000E-01  5.0000E-01  0.0000E+00
                   0.0000E+00  0.0000E+00  1.0000E+00      5.0000E-03
       53      0   7.0000E-01  0.0000E+00  0.0000E+00          -67        78                               
          Free s   8.0000E-01  0.0000E+00  0.0000E+00
          Free s   7.0000E-01  1.0000E-01  0.0000E+00
                   0.0000E+00  0.0000E+00  1.0000E+00      5.0000E-03
       54      0   7.0000E-01  4.0000E-01  0.0000E+00          -75       -77        79                     
          Free s   8.0000E-01  4.0000E-01  0.0000E+00
          Free s   7.0000E-01  5.0000E-01  0.0000E+00
                   0.0000E+00  0.0000E+00  1.0000E+00      5.0000E-03
       55      0   7.0000E-01  5.0000E-01  0.0000E+00          -60       -61        80                     
          Free s   8.0000E-01  6.0000E-01  0.0000E+00
          Free s   7.0000E-01  6.0000E-01  0.0000E+00
                   0.0000E+00  0.0000E+00  1.0000E+00      5.0000E-03
       56      0   7.0000E-01  6.0000E-01  0.0000E+00          -62        81        82                     
          Free s   8.0000E-01  7.0000E-01  0.0000E+00
          Free s   7.0000E-01  7.0000E-01  0.0000E+00
                   0.0000E+00  0.0000E+00  1.0000E+00      5.0000E-03
       57      0   8.0000E-01  7.0000E-01  0.0000E+00          -58        83        84                     
          Free s   8.0000E-01  8.0000E-01  0.0000E+00
          Free s   7.0000E-01  8.0000E-01  0.0000E+00
                   0.0000E+00  0.0000E+00  1.0000E+00      5.0000E-03
       58      0   7.0000E-01  8.0000E-01  0.0000E+00          -64       -83        85                     
          Free s   8.0000E-01  8.0000E-01  0.0000E+00
          Free s   7.0000E-01  9.0000E-01  0.0000E+00
                   0.0000E+00  0.0000E+00  1.0000E+00      5.0000E-03
       59      0   7.0000E-01  9.0000E-01  0.0000E+00          -65        86                               
          Free s   8.0000E-01  1.0000E+00  0.0000E+00
          Free s   7.0000E-01  1.0000E+00  0.0000E+00
                   0.0000E+00  0.0000E+00  1.0000E+00      5.0000E-03
       60      0   7.0000E-01  7.0000E-01  0.0000E+00          -81       -84        87                     
          Free s   8.0000E-01  7.0000E-01  0.0000E+00
          Free s   7.0000E-01  8.0000E-01  0.0000E+00
                   0.0000E+00  0.0000E+00  1.0000E+00      5.0000E-03
       61      0   6.0000E-01  5.0000E-01  0.0000E+00          -80        88        89                     
          Free s   7.0000E-01  5.0000E-01  0.0000E+00
          Free s   7.0000E-01  6.0000E-01  0.0000E+00
                   0.0000E+00  0.0000E+00  1.0000E+00      5.0000E-03
       62      0   6.0000E-01  5.0000E-01  0.0000E+00          -88        90        91                     
          Free s   7.0000E-01  6.0000E-01  0.0000E+00
          Free s   6.0000E-01  6.0000E-01  0.0000E+00
                   0.0000E+00  0.0000E+00  1.0000E+00      5.0000E-03
       63      0   6.0000E-01  6.0000E-01  0.0000E+00          -82       -90        92                     
          Free s   7.0000E-01  6.0000E-01  0.0000E+00
          Free s   7.0000E-01  7.0000E-01  0.0000E+00
                   0.0000E+00  0.0000E+00  1.0000E+00      5.0000E-03
       64      0   7.0000E-01  8.0000E-01  0.0000E+00          -85        93        94                     
          Free s   7.0000E-01  9.0000E-01  0.0000E+00
          Free s   6.0000E-01  9.0000E-01  0.0000E+00
                   0.0000E+00  0.0000E+00  1.0000E+00      5.0000E-03
       65      0   6.0000E-01  9.0000E-01  0.0000E+00          -86       -93        95                     
          Free s   7.0000E-01  9.0000E-01  0.0000E+00
          Free s   7.0000E-01  1.0000E+00  0.0000E+00
                   0.0000E+00  0.0000E+00  1.0000E+00      5.0000E-03
       66      0   7.0000E-01  0.0000E+00  0.0000E+00          -78        96        97                     
          Free s   7.0000E-01  1.0000E-01  0.0000E+00
          Free s   6.0000E-01  1.0000E-01  0.0000E+00
                   0.0000E+00  0.0000E+00  1.0000E+00      5.0000E-03
       67      0   6.0000E-01  0.0000E+00  0.0000E+00          -96        98                               
          Free s   7.0000E-01  0.0000E+00  0.0000E+00
          Free s   6.0000E-01  1.0000E-01  0.0000E+00
                   0.0000E+00  0.0000E+00  1.0000E+00      5.0000E-03
       68      0   7.0000E-01  1.0000E-01  0.0000E+00          -70        99       100                     
          Free s   7.0000E-01  2.0000E-01  0.0000E+00
          Free s   6.0000E-01  2.0000E-01  0.0000E+00
                   0.0000E+00  0.0000E+00  1.0000E+00      5.0000E-03
       69      0   7.0000E-01  2.0000E-01  0.0000E+00          -73       101       102                     
          Free s   7.0000E-01  3.0000E-01  0.0000E+00
          Free s   6.0000E-01  3.0000E-01  0.0000E+00
                   0.0000E+00  0.0000E+00  1.0000E+00      5.0000E-03
       70      0   6.0000E-01  3.0000E-01  0.0000E+00          -76      -101       103                     
          Free s   7.0000E-01  3.0000E-01  0.0000E+00
          Free s   7.0000E-01  4.0000E-01  0.0000E+00
                   0.0000E+00  0.0000E+00  1.0000E+00      5.0000E-03
       71      0   7.0000E-01  4.0000E-01  0.0000E+00          -79       -89       104                     
          Free s   7.0000E-01  5.0000E-01  0.0000E+00
          Free s   6.0000E-01  5.0000E-01  0.0000E+00
                   0.0000E+00  0.0000E+00  1.0000E+00      5.0000E-03
       72      0   6.0000E-01  4.0000E-01  0.0000E+00         -104       105       106                     
          Free s   7.0000E-01  4.0000E-01  0.0000E+00
          Free s   6.0000E-01  5.0000E-01  0.0000E+00
                   0.0000E+00  0.0000E+00  1.0000E+00      5.0000E-03
       73      0   6.0000E-01  1.0000E-01  0.0000E+00          -97       -99       107                     
          Free s   7.0000E-01  1.0000E-01  0.0000E+00
          Free s   6.0000E-01  2.0000E-01  0.0000E+00
                   0.0000E+00  0.0000E+00  1.0000E+00      5.0000E-03
       74      0   6.0000E-01  2.0000E-01  0.0000E+00         -100      -102       108                     
          Free s   7.0000E-01  2.0000E-01  0.0000E+00
          Free s   6.0000E-01  3.0000E-01  0.0000E+00
                   0.0000E+00  0.0000E+00  1.0000E+00      5.0000E-03
       75      0   6.0000E-01  6.0000E-01  0.0000E+00          -92       109       110                     
          Free s   7.0000E-01  7.0000E-01  0.0000E+00
          Free s   6.0000E-01  7.0000E-01  0.0000E+00
                   0.0000E+00  0.0000E+00  1.0000E+00      5.0000E-03
       76      0   7.0000E-01  7.0000E-01  0.0000E+00          -87       111       112                     
          Free s   7.0000E-01  8.0000E-01  0.0000E+00
          Free s   6.0000E-01  8.0000E-01  0.0000E+00
                   0.0000E+00  0.0000E+00  1.0000E+00      5.0000E-03
       77      0   6.0000E-01  7.0000E-01  0.0000E+00         -109      -111       113                     
          Free s   7.0000E-01  7.0000E-01  0.0000E+00
          Free s   6.0000E-01  8.0000E-01  0.0000E+00
                   0.0000E+00  0.0000E+00  1.0000E+00      5.0000E-03
       78      0   6.0000E-01  8.0000E-01  0.0000E+00          -94      -112       114                     
          Free s   7.0000E-01  8.0000E-01  0.0000E+00
          Free s   6.0000E-01  9.0000E-01  0.0000E+00
                   0.0000E+00  0.0000E+00  1.0000E+00      5.0000E-03
       79      0   6.0000E-01  9.0000E-01  0.0000E+00          -95       115                               
          Free s   7.0000E-01  1.0000E+00  0.0000E+00
          Free s   6.0000E-01  1.0000E+00  0.0000E+00
                   0.0000E+00  0.0000E+00  1.0000E+00      5.0000E-03
       80      0   6.0000E-01  3.0000E-01  0.0000E+00         -103      -105       116                     
          Free s   7.0000E-01  4.0000E-01  0.0000E+00
          Free s   6.0000E-01  4.0000E-01  0.0000E+00
                   0.0000E+00  0.0000E+00  1.0000E+00      5.0000E-03
       81      0   5.0000E-01  5.0000E-01  0.0000E+00          -91       117       118                     
          Free s   6.0000E-01  5.0000E-01  0.0000E+00
          Free s   6.0000E-01  6.0000E-01  0.0000E+00
                   0.0000E+00  0.0000E+00  1.0000E+00      5.0000E-03
       82      0   5.0000E-01  5.0000E-01  0.0000E+00         -117       119       120                     
          Free s   6.0000E-01  6.0000E-01  0.0000E+00
          Free s   5.0000E-01  6.0000E-01  0.0000E+00
                   0.0000E+00  0.0000E+00  1.0000E+00      5.0000E-03
       83      0   5.0000E-01  6.0000E-01  0.0000E+00         -110      -119       121                     
          Free s   6.0000E-01  6.0000E-01  0.0000E+00
          Free s   6.0000E-01  7.0000E-01  0.0000E+00
                   0.0000E+00  0.0000E+00  1.0000E+00      5.0000E-03
       84      0   6.0000E-01  8.0000E-01  0.0000E+00         -114       122       123                     
          Free s   6.0000E-01  9.0000E-01  0.0000E+00
          Free s   5.0000E-01  9.0000E-01  0.0000E+00
                   0.0000E+00  0.0000E+00  1.0000E+00      5.0000E-03
       85      0   5.0000E-01  9.0000E-01  0.0000E+00         -115      -122       124                     
          Free s   6.0000E-01  9.0000E-01  0.0000E+00
          Free s   6.0000E-01  1.0000E+00  0.0000E+00
                   0.0000E+00  0.0000E+00  1.0000E+00      5.0000E-03
       86      0   6.0000E-01  0.0000E+00  0.0000E+00          -98       125       126                     
          Free s   6.0000E-01  1.0000E-01  0.0000E+00
          Free s   5.0000E-01  1.0000E-01  0.0000E+00
                   0.0000E+00  0.0000E+00  1.0000E+00      5.0000E-03
       87      0   5.0000E-01  0.0000E+00  0.0000E+00         -125       127                               
          Free s   6.0000E-01  0.0000E+00  0.0000E+00
          Free s   5.0000E-01  1.0000E-01  0.0000E+00
                   0.0000E+00  0.0000E+00  1.0000E+00      5.0000E-03
       88      0   6.0000E-01  1.0000E-01  0.0000E+00         -107       128       129                     
          Free s   6.0000E-01  2.0000E-01  0.0000E+00
          Free s   5.0000E-01  2.0000E-01  0.0000E+00
                   0.0000E+00  0.0000E+00  1.0000E+00      5.0000E-03
       89      0   5.0000E-01  1.0000E-01  0.0000E+00         -126      -128       130                     
          Free s   6.0000E-01  1.0000E-01  0.0000E+00
          Free s   5.0000E-01  2.0000E-01  0.0000E+00
                   0.0000E+00  0.0000E+00  1.0000E+00      5.0000E-03
       90      0   6.0000E-01  2.0000E-01  0.0000E+00         -108       131       132                     
          Free s   6.0000E-01  3.0000E-01  0.0000E+00
          Free s   5.0000E-01  3.0000E-01  0.0000E+00
                   0.0000E+00  0.0000E+00  1.0000E+00      5.0000E-03
       91      0   5.0000E-01  2.0000E-01  0.0000E+00         -129      -131       133                     
          Free s   6.0000E-01  2.0000E-01  0.0000E+00
          Free s   5.0000E-01  3.0000E-01  0.0000E+00
                   0.0000E+00  0.0000E+00  1.0000E+00      5.0000E-03
       92      0   6.0000E-01  3.0000E-01  0.0000E+00         -116       134       135                     
          Free s   6.0000E-01  4.0000E-01  0.0000E+00
          Free s   5.0000E-01  4.0000E-01  0.0000E+00
                   0.0000E+00  0.0000E+00  1.0000E+00      5.0000E-03
       93      0   6.0000E-01  4.0000E-01  0.0000E+00         -106      -118       136                     
          Free s   6.0000E-01  5.0000E-01  0.0000E+00
          Free s   5.0000E-01  5.0000E-01  0.0000E+00
                   0.0000E+00  0.0000E+00  1.0000E+00      5.0000E-03
       94      0   5.0000E-01  4.0000E-01  0.0000E+00         -134      -136       137                     
          Free s   6.0000E-01  4.0000E-01  0.0000E+00
          Free s   5.0000E-01  5.0000E-01  0.0000E+00
                   0.0000E+00  0.0000E+00  1.0000E+00      5.0000E-03
       95      0   5.0000E-01  6.0000E-01  0.0000E+00         -121       138       139                     
          Free s   6.0000E-01  7.0000E-01  0.0000E+00
          Free s   5.0000E-01  7.0000E-01  0.0000E+00
                   0.0000E+00  0.0000E+00  1.0000E+00      5.0000E-03
       96      0   6.0000E-01  7.0000E-01  0.0000E+00         -113       140       141                     
          Free s   6.0000E-01  8.0000E-01  0.0000E+00
          Free s   5.0000E-01  8.0000E-01  0.0000E+00
                   0.0000E+00  0.0000E+00  1.0000E+00      5.0000E-03
       97      0   5.0000E-01  7.0000E-01  0.0000E+00         -138      -140       142                     
          Free s   6.0000E-01  7.0000E-01  0.0000E+00
          Free s   5.0000E-01  8.0000E-01  0.0000E+00
                   0.0000E+00  0.0000E+00  1.0000E+00      5.0000E-03
       98      0   5.0000E-01  8.0000E-01  0.0000E+00         -123      -141       143                     
          Free s   6.0000E-01  8.0000E-01  0.0000E+00
          Free s   5.0000E-01  9.0000E-01  0.0000E+00
                   0.0000E+00  0.0000E+00  1.0000E+00      5.0000E-03
       99      0   5.0000E-01  9.0000E-01  0.0000E+00         -124       144                               
          Free s   6.0000E-01  1.0000E+00  0.0000E+00
          Free s   5.0000E-01  1.0000E+00  0.0000E+00
                   0.0000E+00  0.0000E+00  1.0000E+00      5.0000E-03
      100      0   5.0000E-01  3.0000E-01  0.0000E+00         -132      -135       145                     
          Free s   6.0000E-01  3.0000E-01  0.0000E+00
          Free s   5.0000E-01  4.0000E-01  0.0000E+00
                   0.0000E+00  0.0000E+00  1.0000E+00      5.0000E-03
      101      0   5.0000E-01  0.0000E+00  0.0000E+00         -127       146       147                     
          Free s   5.0000E-01  1.0000E-01  0.0000E+00
          Free s   4.0000E-01  1.0000E-01  0.0000E+00
                   0.0000E+00  0.0000E+00  1.0000E+00      5.0000E-03
      102      0   4.0000E-01  0.0000E+00  0.0000E+00         -146       148                               
          Free s   5.0000E-01  0.0000E+00  0.0000E+00
          Free s   4.0000E-01  1.0000E-01  0.0000E+00
                   0.0000E+00  0.0000E+00  1.0000E+00      5.0000E-03
      103      0   5.0000E-01  1.0000E-01  0.0000E+00         -130       149       150                     
          Free s   5.0000E-01  2.0000E-01  0.0000E+00
          Free s   4.0000E-01  2.0000E-01  0.0000E+00
                   0.0000E+00  0.0000E+00  1.0000E+00      5.0000E-03
      104      0   4.0000E-01  1.0000E-01  0.0000E+00         -147      -149       151                     
          Free s   5.0000E-01  1.0000E-01  0.0000E+00
          Free s   4.0000E-01  2.0000E-01  0.0000E+00
                   0.0000E+00  0.0000E+00  1.0000E+00      5.0000E-03
      105      0   5.0000E-01  2.0000E-01  0.0000E+00         -133       152       153                     
          Free s   5.0000E-01  3.0000E-01  0.0000E+00
          Free s   4.0000E-01  3.0000E-01  0.0000E+00
                   0.0000E+00  0.0000E+00  1.0000E+00      5.0000E-03
      106      0   4.0000E-01  2.0000E-01  0.0000E+00         -150      -152       154                     
          Free s   5.0000E-01  2.0000E-01  0.0000E+00
          Free s   4.0000E-01  3.0000E-01  0.0000E+00
                   0.0000E+00  0.0000E+00  1.0000E+00      5.0000E-03
      107      0   4.0000E-01  3.0000E-01  0.0000E+00         -145      -153       155                     
          Free s   5.0000E-01  3.0000E-01  0.0000E+00
          Free s   5.0000E-01  4.0000E-01  0.0000E+00
                   0.0000E+00  0.0000E+00  1.0000E+00      5.0000E-03
      108      0   5.0000E-01  4.0000E-01  0.0000E+00         -137       156       157                     
          Free s   5.0000E-01  5.0000E-01  0.0000E+00
          Free s   4.0000E-01  5.0000E-01  0.0000E+00
                   0.0000E+00  0.0000E+00  1.0000E+00      5.0000E-03
      109      0   4.0000E-01  4.0000E-01  0.0000E+00         -156       158       159                     
          Free s   5.0000E-01  4.0000E-01  0.0000E+00
          Free s   4.0000E-01  5.0000E-01  0.0000E+00
                   0.0000E+00  0.0000E+00  1.0000E+00      5.0000E-03
      110      0   4.0000E-01  5.0000E-01  0.0000E+00         -120      -157       160                     
          Free s   5.0000E-01  5.0000E-01  0.0000E+00
          Free s   5.0000E-01  6.0000E-01  0.0000E+00
                   0.0000E+00  0.0000E+00  1.0000E+00      5.0000E-03
      111      0   4.0000E-01  5.0000E-01  0.0000E+00         -160       161       162                     
          Free s   5.0000E-01  6.0000E-01  0.0000E+00
          Free s   4.0000E-01  6.0000E-01  0.0000E+00
                   0.0000E+00  0.0000E+00  1.0000E+00      5.0000E-03
      112      0   4.0000E-01  6.0000E-01  0.0000E+00         -139      -161       163                     
          Free s   5.0000E-01  6.0000E-01  0.0000E+00
          Free s   5.0000E-01  7.0000E-01  0.0000E+00
                   0.0000E+00  0.0000E+00  1.0000E+00      5.0000E-03
      113      0   4.0000E-01  6.0000E-01  0.0000E+00         -163       164       165                     
          Free s   5.0000E-01  7.0000E-01  0.0000E+00
          Free s   4.0000E-01  7.0000E-01  0.0000E+00
                   0.0000E+00  0.0000E+00  1.0000E+00      5.0000E-03
      114      0   5.0000E-01  8.0000E-01  0.0000E+00         -143       166       167                     
          Free s   5.0000E-01  9.0000E-01  0.0000E+00
          Free s   4.0000E-01  9.0000E-01  0.0000E+00
                   0.0000E+00  0.0000E+00  1.0000E+00      5.0000E-03
      115      0   4.0000E-01  8.0000E-01  0.0000E+00         -166       168       169                     
          Free s   5.0000E-01  8.0000E-01  0.0000E+00
          Free s   4.0000E-01  9.0000E-01  0.0000E+00
                   0.0000E+00  0.0000E+00  1.0000E+00      5.0000E-03
      116      0   4.0000E-01  9.0000E-01  0.0000E+00         -144      -167       170                     
          Free s   5.0000E-01  9.0000E-01  0.0000E+00
          Free s   5.0000E-01  1.0000E+00  0.0000E+00
                   0.0000E+00  0.0000E+00  1.0000E+00      5.0000E-03
      117      0   4.0000E-01  9.0000E-01  0.0000E+00         -170       171                               
          Free s   5.0000E-01  1.0000E+00  0.0000E+00
          Free s   4.0000E-01  1.0000E+00  0.0000E+00
                   0.0000E+00  0.0000E+00  1.0000E+00      5.0000E-03
      118      0   4.0000E-01  3.0000E-01  0.0000E+00         -155      -158       172                     
          Free s   5.0000E-01  4.0000E-01  0.0000E+00
          Free s   4.0000E-01  4.0000E-01  0.0000E+00
                   0.0000E+00  0.0000E+00  1.0000E+00      5.0000E-03
      119      0   5.0000E-01  7.0000E-01  0.0000E+00         -142      -168       173                     
          Free s   5.0000E-01  8.0000E-01  0.0000E+00
          Free s   4.0000E-01  8.0000E-01  0.0000E+00
                   0.0000E+00  0.0000E+00  1.0000E+00      5.0000E-03
      120      0   4.0000E-01  7.0000E-01  0.0000E+00         -164      -173       174                     
          Free s   5.0000E-01  7.0000E-01  0.0000E+00
          Free s   4.0000E-01  8.0000E-01  0.0000E+00
                   0.0000E+00  0.0000E+00  1.0000E+00      5.0000E-03
      121      0   4.0000E-01  1.0000E-01  0.0000E+00         -151       175       176                     
          Free s   4.0000E-01  2.0000E-01  0.0000E+00
          Free s   3.0000E-01  2.0000E-01  0.0000E+00
                   0.0000E+00  0.0000E+00  1.0000E+00      5.0000E-03
      122      0   3.0000E-01  1.0000E-01  0.0000E+00         -175       177       178                     
          Free s   4.0000E-01  1.0000E-01  0.0000E+00
          Free s   3.0000E-01  2.0000E-01  0.0000E+00
                   0.0000E+00  0.0000E+00  1.0000E+00      5.0000E-03
      123      0   4.0000E-01  2.0000E-01  0.0000E+00         -154       179       180                     
          Free s   4.0000E-01  3.0000E-01  0.0000E+00
          Free s   3.0000E-01  3.0000E-01  0.0000E+00
                   0.0000E+00  0.0000E+00  1.0000E+00      5.0000E-03
      124      0   3.0000E-01  3.0000E-01  0.0000E+00         -172      -179       181                     
          Free s   4.0000E-01  3.0000E-01  0.0000E+00
          Free s   4.0000E-01  4.0000E-01  0.0000E+00
                   0.0000E+00  0.0000E+00  1.0000E+00      5.0000E-03
      125      0   3.0000E-01  3.0000E-01  0.0000E+00         -181       182       183                     
          Free s   4.0000E-01  4.0000E-01  0.0000E+00
          Free s   3.0000E-01  4.0000E-01  0.0000E+00
                   0.0000E+00  0.0000E+00  1.0000E+00      5.0000E-03
      126      0   4.0000E-01  4.0000E-01  0.0000E+00         -159       184       185                     
          Free s   4.0000E-01  5.0000E-01  0.0000E+00
          Free s   3.0000E-01  5.0000E-01  0.0000E+00
                   0.0000E+00  0.0000E+00  1.0000E+00      5.0000E-03
      127      0   3.0000E-01  4.0000E-01  0.0000E+00         -182      -184       186                     
          Free s   4.0000E-01  4.0000E-01  0.0000E+00
          Free s   3.0000E-01  5.0000E-01  0.0000E+00
                   0.0000E+00  0.0000E+00  1.0000E+00      5.0000E-03
      128      0   3.0000E-01  5.0000E-01  0.0000E+00         -162      -185       187                     
          Free s   4.0000E-01  5.0000E-01  0.0000E+00
          Free s   4.0000E-01  6.0000E-01  0.0000E+00
                   0.0000E+00  0.0000E+00  1.0000E+00      5.0000E-03
      129      0   3.0000E-01  5.0000E-01  0.0000E+00         -187       188       189                     
          Free s   4.0000E-01  6.0000E-01  0.0000E+00
          Free s   3.0000E-01  6.0000E-01  0.0000E+00
                   0.0000E+00  0.0000E+00  1.0000E+00      5.0000E-03
      130      0   3.0000E-01  6.0000E-01  0.0000E+00         -165      -188       190                     
          Free s   4.0000E-01  6.0000E-01  0.0000E+00
          Free s   4.0000E-01  7.0000E-01  0.0000E+00
                   0.0000E+00  0.0000E+00  1.0000E+00      5.0000E-03
      131      0   3.0000E-01  6.0000E-01  0.0000E+00         -190       191       192                     
          Free s   4.0000E-01  7.0000E-01  0.0000E+00
          Free s   3.0000E-01  7.0000E-01  0.0000E+00
                   0.0000E+00  0.0000E+00  1.0000E+00      5.0000E-03
      132      0   4.0000E-01  8.0000E-01  0.0000E+00         -169       193       194                     
          Free s   4.0000E-01  9.0000E-01  0.0000E+00
          Free s   3.0000E-01  9.0000E-01  0.0000E+00
                   0.0000E+00  0.0000E+00  1.0000E+00      5.0000E-03
      133      0   3.0000E-01  8.0000E-01  0.0000E+00         -193       195       196                     
          Free s   4.0000E-01  8.0000E-01  0.0000E+00
          Free s   3.0000E-01  9.0000E-01  0.0000E+00
                   0.0000E+00  0.0000E+00  1.0000E+00      5.0000E-03
      134      0   3.0000E-01  9.0000E-01  0.0000E+00         -171      -194       197                     
          Free s   4.0000E-01  9.0000E-01  0.0000E+00
          Free s   4.0000E-01  1.0000E+00  0.0000E+00
                   0.0000E+00  0.0000E+00  1.0000E+00      5.0000E-03
      135      0   3.0000E-01  9.0000E-01  0.0000E+00         -197       198                               
          Free s   4.0000E-01  1.0000E+00  0.0000E+00
          Free s   3.0000E-01  1.0000E+00  0.0000E+00
                   0.0000E+00  0.0000E+00  1.0000E+00      5.0000E-03
      136      0   4.0000E-01  0.0000E+00  0.0000E+00         -148      -177       199                     
          Free s   4.0000E-01  1.0000E-01  0.0000E+00
          Free s   3.0000E-01  1.0000E-01  0.0000E+00
                   0.0000E+00  0.0000E+00  1.0000E+00      5.0000E-03
      137      0   3.0000E-01  0.0000E+00  0.0000E+00         -199       200                               
          Free s   4.0000E-01  0.0000E+00  0.0000E+00
          Free s   3.0000E-01  1.0000E-01  0.0000E+00
                   0.0000E+00  0.0000E+00  1.0000E+00      5.0000E-03
      138      0   3.0000E-01  2.0000E-01  0.0000E+00         -176      -180       201                     
          Free s   4.0000E-01  2.0000E-01  0.0000E+00
          Free s   3.0000E-01  3.0000E-01  0.0000E+00
                   0.0000E+00  0.0000E+00  1.0000E+00      5.0000E-03
      139      0   4.0000E-01  7.0000E-01  0.0000E+00         -174      -195       202                     
          Free s   4.0000E-01  8.0000E-01  0.0000E+00
          Free s   3.0000E-01  8.0000E-01  0.0000E+00
                   0.0000E+00  0.0000E+00  1.0000E+00      5.0000E-03
      140      0   3.0000E-01  7.0000E-01  0.0000E+00         -191      -202       203                     
          Free s   4.0000E-01  7.0000E-01  0.0000E+00
          Free s   3.0000E-01  8.0000E-01  0.0000E+00
                   0.0000E+00  0.0000E+00  1.0000E+00      5.0000E-03
      141      0   3.0000E-01  1.0000E-01  0.0000E+00         -178       204       205                     
          Free s   3.0000E-01  2.0000E-01  0.0000E+00
          Free s   2.0000E-01  2.0000E-01  0.0000E+00
                   0.0000E+00  0.0000E+00  1.0000E+00      5.0000E-03
      142      0   3.0000E-01  2.0000E-01  0.0000E+00         -201       206       207                     
          Free s   3.0000E-01  3.0000E-01  0.0000E+00
          Free s   2.0000E-01  3.0000E-01  0.0000E+00
                   0.0000E+00  0.0000E+00  1.0000E+00      5.0000E-03
      143      0   2.0000E-01  2.0000E-01  0.0000E+00         -204      -206       208                     
          Free s   3.0000E-01  2.0000E-01  0.0000E+00
          Free s   2.0000E-01  3.0000E-01  0.0000E+00
                   0.0000E+00  0.0000E+00  1.0000E+00      5.0000E-03
      144      0   2.0000E-01  3.0000E-01  0.0000E+00         -183      -207       209                     
          Free s   3.0000E-01  3.0000E-01  0.0000E+00
          Free s   3.0000E-01  4.0000E-01  0.0000E+00
                   0.0000E+00  0.0000E+00  1.0000E+00      5.0000E-03
      145      0   3.0000E-01  4.0000E-01  0.0000E+00         -186       210       211                     
          Free s   3.0000E-01  5.0000E-01  0.0000E+00
          Free s   2.0000E-01  5.0000E-01  0.0000E+00
                   0.0000E+00  0.0000E+00  1.0000E+00      5.0000E-03
      146      0   2.0000E-01  4.0000E-01  0.0000E+00         -210       212       213                     
          Free s   3.0000E-01  4.0000E-01  0.0000E+00
          Free s   2.0000E-01  5.0000E-01  0.0000E+00
                   0.0000E+00  0.0000E+00  1.0000E+00      5.0000E-03
      147      0   2.0000E-01  5.0000E-01  0.0000E+00         -189      -211       214                     
          Free s   3.0000E-01  5.0000E-01  0.0000E+00
          Free s   3.0000E-01  6.0000E-01  0.0000E+00
                   0.0000E+00  0.0000E+00  1.0000E+00      5.0000E-03
      148      0   2.0000E-01  5.0000E-01  0.0000E+00         -214       215       216                     
          Free s   3.0000E-01  6.0000E-01  0.0000E+00
          Free s   2.0000E-01  6.0000E-01  0.0000E+00
                   0.0000E+00  0.0000E+00  1.0000E+00      5.0000E-03
      149      0   2.0000E-01  6.0000E-01  0.0000E+00         -192      -215       217                     
          Free s   3.0000E-01  6.0000E-01  0.0000E+00
          Free s   3.0000E-01  7.0000E-01  0.0000E+00
                   0.0000E+00  0.0000E+00  1.0000E+00      5.0000E-03
      150      0   2.0000E-01  6.0000E-01  0.0000E+00         -217       218       219                     
          Free s   3.0000E-01  7.0000E-01  0.0000E+00
          Free s   2.0000E-01  7.0000E-01  0.0000E+00
                   0.0000E+00  0.0000E+00  1.0000E+00      5.0000E-03
      151      0   3.0000E-01  8.0000E-01  0.0000E+00         -196       220       221                     
          Free s   3.0000E-01  9.0000E-01  0.0000E+00
          Free s   2.0000E-01  9.0000E-01  0.0000E+00
                   0.0000E+00  0.0000E+00  1.0000E+00      5.0000E-03
      152      0   2.0000E-01  8.0000E-01  0.0000E+00         -220       222       223                     
          Free s   3.0000E-01  8.0000E-01  0.0000E+00
          Free s   2.0000E-01  9.0000E-01  0.0000E+00
                   0.0000E+00  0.0000E+00  1.0000E+00      5.0000E-03
      153      0   2.0000E-01  9.0000E-01  0.0000E+00         -198      -221       224                     
          Free s   3.0000E-01  9.0000E-01  0.0000E+00
          Free s   3.0000E-01  1.0000E+00  0.0000E+00
                   0.0000E+00  0.0000E+00  1.0000E+00      5.0000E-03
      154      0   2.0000E-01  9.0000E-01  0.0000E+00         -224       225                               
          Free s   3.0000E-01  1.0000E+00  0.0000E+00
          Free s   2.0000E-01  1.0000E+00  0.0000E+00
                   0.0000E+00  0.0000E+00  1.0000E+00      5.0000E-03
      155      0   3.0000E-01  0.0000E+00  0.0000E+00         -200       226       227                     
          Free s   3.0000E-01  1.0000E-01  0.0000E+00
          Free s   2.0000E-01  1.0000E-01  0.0000E+00
                   0.0000E+00  0.0000E+00  1.0000E+00      5.0000E-03
      156      0   2.0000E-01  0.0000E+00  0.0000E+00         -226       228                               
          Free s   3.0000E-01  0.0000E+00  0.0000E+00
          Free s   2.0000E-01  1.0000E-01  0.0000E+00
                   0.0000E+00  0.0000E+00  1.0000E+00      5.0000E-03
      157      0   2.0000E-01  1.0000E-01  0.0000E+00         -205      -227       229                     
          Free s   3.0000E-01  1.0000E-01  0.0000E+00
          Free s   2.0000E-01  2.0000E-01  0.0000E+00
                   0.0000E+00  0.0000E+00  1.0000E+00      5.0000E-03
      158      0   2.0000E-01  3.0000E-01  0.0000E+00         -209      -212       230                     
          Free s   3.0000E-01  4.0000E-01  0.0000E+00
          Free s   2.0000E-01  4.0000E-01  0.0000E+00
                   0.0000E+00  0.0000E+00  1.0000E+00      5.0000E-03
      159      0   3.0000E-01  7.0000E-01  0.0000E+00         -203      -222       231                     
          Free s   3.0000E-01  8.0000E-01  0.0000E+00
          Free s   2.0000E-01  8.0000E-01  0.0000E+00
                   0.0000E+00  0.0000E+00  1.0000E+00      5.0000E-03
      160      0   2.0000E-01  7.0000E-01  0.0000E+00         -218      -231       232                     
          Free s   3.0000E-01  7.0000E-01  0.0000E+00
          Free s   2.0000E-01  8.0000E-01  0.0000E+00
                   0.0000E+00  0.0000E+00  1.0000E+00      5.0000E-03
      161      0   1.0000E-01  5.0000E-01  0.0000E+00         -216       233       234                     
          Free s   2.0000E-01  5.0000E-01  0.0000E+00
          Free s   2.0000E-01  6.0000E-01  0.0000E+00
                   0.0000E+00  0.0000E+00  1.0000E+00      5.0000E-03
      162      0   1.0000E-01  6.0000E-01  0.0000E+00         -219       235       236                     
          Free s   2.0000E-01  6.0000E-01  0.0000E+00
          Free s   2.0000E-01  7.0000E-01  0.0000E+00
                   0.0000E+00  0.0000E+00  1.0000E+00      5.0000E-03
      163      0   2.0000E-01  8.0000E-01  0.0000E+00         -223       237       238                     
          Free s   2.0000E-01  9.0000E-01  0.0000E+00
          Free s   1.0000E-01  9.0000E-01  0.0000E+00
                   0.0000E+00  0.0000E+00  1.0000E+00      5.0000E-03
      164      0   1.0000E-01  9.0000E-01  0.0000E+00         -225      -237       239                     
          Free s   2.0000E-01  9.0000E-01  0.0000E+00
          Free s   2.0000E-01  1.0000E+00  0.0000E+00
                   0.0000E+00  0.0000E+00  1.0000E+00      5.0000E-03
      165      0   2.0000E-01  0.0000E+00  0.0000E+00         -228       240       241                     
          Free s   2.0000E-01  1.0000E-01  0.0000E+00
          Free s   1.0000E-01  1.0000E-01  0.0000E+00
                   0.0000E+00  0.0000E+00  1.0000E+00      5.0000E-03
      166      0   1.0000E-01  0.0000E+00  0.0000E+00         -240       242                               
          Free s   2.0000E-01  0.0000E+00  0.0000E+00
          Free s   1.0000E-01  1.0000E-01  0.0000E+00
                   0.0000E+00  0.0000E+00  1.0000E+00      5.0000E-03
      167      0   2.0000E-01  1.0000E-01  0.0000E+00         -229       243       244                     
          Free s   2.0000E-01  2.0000E-01  0.0000E+00
          Free s   1.0000E-01  2.0000E-01  0.0000E+00
                   0.0000E+00  0.0000E+00  1.0000E+00      5.0000E-03
      168      0   2.0000E-01  2.0000E-01  0.0000E+00         -208       245       246                     
          Free s   2.0000E-01  3.0000E-01  0.0000E+00
          Free s   1.0000E-01  3.0000E-01  0.0000E+00
                   0.0000E+00  0.0000E+00  1.0000E+00      5.0000E-03
      169      0   1.0000E-01  2.0000E-01  0.0000E+00         -243      -245       247                     
          Free s   2.0000E-01  2.0000E-01  0.0000E+00
          Free s   1.0000E-01  3.0000E-01  0.0000E+00
                   0.0000E+00  0.0000E+00  1.0000E+00      5.0000E-03
      170      0   2.0000E-01  3.0000E-01  0.0000E+00         -230       248       249                     
          Free s   2.0000E-01  4.0000E-01  0.0000E+00
          Free s   1.0000E-01  4.0000E-01  0.0000E+00
                   0.0000E+00  0.0000E+00  1.0000E+00      5.0000E-03
      171      0   1.0000E-01  3.0000E-01  0.0000E+00         -246      -248       250                     
          Free s   2.0000E-01  3.0000E-01  0.0000E+00
          Free s   1.0000E-01  4.0000E-01  0.0000E+00
                   0.0000E+00  0.0000E+00  1.0000E+00      5.0000E-03
      172      0   2.0000E-01  4.0000E-01  0.0000E+00         -213      -233       251                     
          Free s   2.0000E-01  5.0000E-01  0.0000E+00
          Free s   1.0000E-01  5.0000E-01  0.0000E+00
                   0.0000E+00  0.0000E+00  1.0000E+00      5.0000E-03
      173      0   1.0000E-01  4.0000E-01  0.0000E+00         -249      -251       252                     
          Free s   2.0000E-01  4.0000E-01  0.0000E+00
          Free s   1.0000E-01  5.0000E-01  0.0000E+00
                   0.0000E+00  0.0000E+00  1.0000E+00      5.0000E-03
      174      0   1.0000E-01  5.0000E-01  0.0000E+00         -234      -235       253                     
          Free s   2.0000E-01  6.0000E-01  0.0000E+00
          Free s   1.0000E-01  6.0000E-01  0.0000E+00
                   0.0000E+00  0.0000E+00  1.0000E+00      5.0000E-03
      175      0   1.0000E-01  6.0000E-01  0.0000E+00         -236       254       255                     
          Free s   2.0000E-01  7.0000E-01  0.0000E+00
          Free s   1.0000E-01  7.0000E-01  0.0000E+00
                   0.0000E+00  0.0000E+00  1.0000E+00      5.0000E-03
      176      0   2.0000E-01  7.0000E-01  0.0000E+00         -232       256       257                     
          Free s   2.0000E-01  8.0000E-01  0.0000E+00
          Free s   1.0000E-01  8.0000E-01  0.0000E+00
                   0.0000E+00  0.0000E+00  1.0000E+00      5.0000E-03
      177      0   1.0000E-01  9.0000E-01  0.0000E+00         -239       258                               
          Free s   2.0000E-01  1.0000E+00  0.0000E+00
          Free s   1.0000E-01  1.0000E+00  0.0000E+00
                   0.0000E+00  0.0000E+00  1.0000E+00      5.0000E-03
      178      0   1.0000E-01  1.0000E-01  0.0000E+00         -241      -244       259                     
          Free s   2.0000E-01  1.0000E-01  0.0000E+00
          Free s   1.0000E-01  2.0000E-01  0.0000E+00
                   0.0000E+00  0.0000E+00  1.0000E+00      5.0000E-03
      179      0   1.0000E-01  7.0000E-01  0.0000E+00         -254      -256       260                     
          Free s   2.0000E-01  7.0000E-01  0.0000E+00
          Free s   1.0000E-01  8.0000E-01  0.0000E+00
                   0.0000E+00  0.0000E+00  1.0000E+00      5.0000E-03
      180      0   1.0000E-01  8.0000E-01  0.0000E+00         -238      -257       261                     
          Free s   2.0000E-01  8.0000E-01  0.0000E+00
          Free s   1.0000E-01  9.0000E-01  0.0000E+00
                   0.0000E+00  0.0000E+00  1.0000E+00      5.0000E-03
      181      0   1.0000E-01  0.0000E+00  0.0000E+00         -242       262       263                     
          Free s   1.0000E-01  1.0000E-01  0.0000E+00
          Free s   0.0000E+00  1.0000E-01  0.0000E+00
                   0.0000E+00  0.0000E+00  1.0000E+00      5.0000E-03
      182      0   0.0000E+00  0.0000E+00  0.0000E+00         -262                                         
          Free s   1.0000E-01  0.0000E+00  0.0000E+00
          Free s   0.0000E+00  1.0000E-01  0.0000E+00
                   0.0000E+00  0.0000E+00  1.0000E+00      5.0000E-03
      183      0   1.0000E-01  1.0000E-01  0.0000E+00         -259       264       265                     
          Free s   1.0000E-01  2.0000E-01  0.0000E+00
          Free s   0.0000E+00  2.0000E-01  0.0000E+00
                   0.0000E+00  0.0000E+00  1.0000E+00      5.0000E-03
      184      0   0.0000E+00  1.0000E-01  0.0000E+00         -263      -264                               
          Free s   1.0000E-01  1.0000E-01  0.0000E+00
          Free s   0.0000E+00  2.0000E-01  0.0000E+00
                   0.0000E+00  0.0000E+00  1.0000E+00      5.0000E-03
      185      0   1.0000E-01  2.0000E-01  0.0000E+00         -247       266       267                     
          Free s   1.0000E-01  3.0000E-01  0.0000E+00
          Free s   0.0000E+00  3.0000E-01  0.0000E+00
                   0.0000E+00  0.0000E+00  1.0000E+00      5.0000E-03
      186      0   0.0000E+00  2.0000E-01  0.0000E+00         -265      -266                               
          Free s   1.0000E-01  2.0000E-01  0.0000E+00
          Free s   0.0000E+00  3.0000E-01  0.0000E+00
                   0.0000E+00  0.0000E+00  1.0000E+00      5.0000E-03
      187      0   1.0000E-01  3.0000E-01  0.0000E+00         -250       268       269                     
          Free s   1.0000E-01  4.0000E-01  0.0000E+00
          Free s   0.0000E+00  4.0000E-01  0.0000E+00
                   0.0000E+00  0.0000E+00  1.0000E+00      5.0000E-03
      188      0   0.0000E+00  3.0000E-01  0.0000E+00         -267      -268                               
          Free s   1.0000E-01  3.0000E-01  0.0000E+00
          Free s   0.0000E+00  4.0000E-01  0.0000E+00
                   0.0000E+00  0.0000E+00  1.0000E+00      5.0000E-03
      189      0   1.0000E-01  4.0000E-01  0.0000E+00         -252       270       271                     
          Free s   1.0000E-01  5.0000E-01  0.0000E+00
          Free s   0.0000E+00  5.0000E-01  0.0000E+00
                   0.0000E+00  0.0000E+00  1.0000E+00      5.0000E-03
      190      0   0.0000E+00  4.0000E-01  0.0000E+00         -269      -270                               
          Free s   1.0000E-01  4.0000E-01  0.0000E+00
          Free s   0.0000E+00  5.0000E-01  0.0000E+00
                   0.0000E+00  0.0000E+00  1.0000E+00      5.0000E-03
      191      0   1.0000E-01  5.0000E-01  0.0000E+00         -253       272       273                     
          Free s   1.0000E-01  6.0000E-01  0.0000E+00
          Free s   0.0000E+00  6.0000E-01  0.0000E+00
                   0.0000E+00  0.0000E+00  1.0000E+00      5.0000E-03
      192      0   0.0000E+00  5.0000E-01  0.0000E+00         -271      -272                               
          Free s   1.0000E-01  5.0000E-01  0.0000E+00
          Free s   0.0000E+00  6.0000E-01  0.0000E+00
                   0.0000E+00  0.0000E+00  1.0000E+00      5.0000E-03
      193      0   1.0000E-01  6.0000E-01  0.0000E+00         -255       274       275                     
          Free s   1.0000E-01  7.0000E-01  0.0000E+00
          Free s   0.0000E+00  7.0000E-01  0.0000E+00
                   0.0000E+00  0.0000E+00  1.0000E+00      5.0000E-03
      194      0   0.0000E+00  6.0000E-01  0.0000E+00         -273      -274                               
          Free s   1.0000E-01  6.0000E-01  0.0000E+00
          Free s   0.0000E+00  7.0000E-01  0.0000E+00
                   0.0000E+00  0.0000E+00  1.0000E+00      5.0000E-03
      195      0   1.0000E-01  7.0000E-01  0.0000E+00         -260       276       277                     
          Free s   1.0000E-01  8.0000E-01  0.0000E+00
          Free s   0.0000E+00  8.0000E-01  0.0000E+00
                   0.0000E+00  0.0000E+00  1.0000E+00      5.0000E-03
      196      0   0.0000E+00  7.0000E-01  0.0000E+00         -275      -276                               
          Free s   1.0000E-01  7.0000E-01  0.0000E+00
          Free s   0.0000E+00  8.0000E-01  0.0000E+00
                   0.0000E+00  0.0000E+00  1.0000E+00      5.0000E-03
      197      0   1.0000E-01  8.0000E-01  0.0000E+00         -261       278       279                     
          Free s   1.0000E-01  9.0000E-01  0.0000E+00
          Free s   0.0000E+00  9.0000E-01  0.0000E+00
                   0.0000E+00  0.0000E+00  1.0000E+00      5.0000E-03
      198      0   0.0000E+00  8.0000E-01  0.0000E+00         -277      -278                               
          Free s   1.0000E-01  8.0000E-01  0.0000E+00
          Free s   0.0000E+00  9.0000E-01  0.0000E+00
                   0.0000E+00  0.0000E+00  1.0000E+00      5.0000E-03
      199      0   1.0000E-01  9.0000E-01  0.0000E+00         -258       280                               
          Free s   1.0000E-01  1.0000E+00  0.0000E+00
          Free s   0.0000E+00  1.0000E+00  0.0000E+00
                   0.0000E+00  0.0000E+00  1.0000E+00      5.0000E-03
      200      0   0.0000E+00  9.0000E-01  0.0000E+00         -279      -280                               
          Free s   1.0000E-01  9.0000E-01  0.0000E+00
          Free s   0.0000E+00  1.0000E+00  0.0000E+00
                   0.0000E+00  0.0000E+00  1.0000E+00      5.0000E-03


                         DATA OF THE METALLIC EDGES (with MoM)

                                            triangle no.    points of tr.     information on symmetry
    no.  type      length/m        media     KORP   KORM   POIP   POIM      yz     xz     xy  status
        1   1    1.4142E-01  Free s     -1      1      2      2      3       0      0      0  unknown  
        2   1    1.0000E-01  Free s     -1      1     11      3      1       0      0      0  unknown  
        3   1    1.0000E-01  Free s     -1      2      3      1      3       0      0      0  unknown  
        4   1    1.0000E-01  Free s     -1      2     21      2      1       0      0      0  unknown  
        5   1    1.4142E-01  Free s     -1      3     16      2      3       0      0      0  unknown  
        6   1    1.0000E-01  Free s     -1      4      5      1      3       0      0      0  unknown  
        7   1    1.4142E-01  Free s     -1      4     18      2      1       0      0      0  unknown  
        8   1    1.4142E-01  Free s     -1      5     19      2      3       0      0      0  unknown  
        9   1    1.4142E-01  Free s     -1      6     13      2      1       0      0      0  unknown  
       10   1    1.0000E-01  Free s     -1      6     14      1      3       0      0      0  unknown  
       11   1    1.0000E-01  Free s     -1      7      9      1      3       0      0      0  unknown  
       12   1    1.4142E-01  Free s     -1      7     14      2      1       0      0      0  unknown  
       13   1    1.4142E-01  Free s     -1      8      9      2      1       0      0      0  unknown  
       14   1    1.0000E-01  Free s     -1      8     10      1      3       0      0      0  unknown  
       15   1    1.0000E-01  Free s     -1      9     30      2      3       0      0      0  unknown  
       16   1    1.4142E-01  Free s     -1     10     15      2      3       0      0      0  unknown  
       17   1    1.4142E-01  Free s     -1     11     12      2      1       0      0      0  unknown  
       18   1    1.0000E-01  Free s     -1     12     15      3      1       0      0      0  unknown  
       19   1    1.0000E-01  Free s     -1     12     33      2      3       0      0      0  unknown  
       20   1    1.0000E-01  Free s     -1     13     26      2      3       0      0      0  unknown  
       21   1    1.0000E-01  Free s     -1     14     28      2      3       0      0      0  unknown  
       22   1    1.0000E-01  Free s     -1     15     32      2      1       0      0      0  unknown  
       23   1    1.0000E-01  Free s     -1     16     20      1      3       0      0      0  unknown  
       24   1    1.0000E-01  Free s     -1     16     23      2      1       0      0      0  unknown  
       25   1    1.0000E-01  Free s     -1     17     18      1      3       0      0      0  unknown  
       26   1    1.4142E-01  Free s     -1     17     20      2      1       0      0      0  unknown  
       27   1    1.0000E-01  Free s     -1     18     24      2      3       0      0      0  unknown  
       28   1    1.0000E-01  Free s     -1     19     25      2      1       0      0      0  unknown  
       29   1    1.0000E-01  Free s     -1     20     37      2      3       0      0      0  unknown  
       30   1    1.4142E-01  Free s     -1     21     22      2      3       0      0      0  unknown  
       31   1    1.0000E-01  Free s     -1     21     33      3      1       0      0      0  unknown  
       32   1    1.0000E-01  Free s     -1     22     23      1      3       0      0      0  unknown  
       33   1    1.0000E-01  Free s     -1     22     41      2      1       0      0      0  unknown  
       34   1    1.4142E-01  Free s     -1     23     36      2      3       0      0      0  unknown  
       35   1    1.0000E-01  Free s     -1     24     25      1      3       0      0      0  unknown  
       36   1    1.4142E-01  Free s     -1     24     38      2      1       0      0      0  unknown  
       37   1    1.4142E-01  Free s     -1     25     39      2      3       0      0      0  unknown  
       38   1    1.4142E-01  Free s     -1     26     27      2      1       0      0      0  unknown  
       39   1    1.0000E-01  Free s     -1     26     29      1      3       0      0      0  unknown  
       40   1    1.0000E-01  Free s     -1     27     45      2      3       0      0      0  unknown  
       41   1    1.4142E-01  Free s     -1     28     29      2      1       0      0      0  unknown  
       42   1    1.0000E-01  Free s     -1     28     31      1      3       0      0      0  unknown  
       43   1    1.0000E-01  Free s     -1     29     46      2      3       0      0      0  unknown  
       44   1    1.4142E-01  Free s     -1     30     31      2      1       0      0      0  unknown  
       45   1    1.0000E-01  Free s     -1     30     32      1      3       0      0      0  unknown  
       46   1    1.0000E-01  Free s     -1     31     48      2      3       0      0      0  unknown  
       47   1    1.4142E-01  Free s     -1     32     35      2      3       0      0      0  unknown  
       48   1    1.4142E-01  Free s     -1     33     34      2      1       0      0      0  unknown  
       49   1    1.0000E-01  Free s     -1     34     35      3      1       0      0      0  unknown  
       50   1    1.0000E-01  Free s     -1     34     52      2      3       0      0      0  unknown  
       51   1    1.0000E-01  Free s     -1     35     50      2      1       0      0      0  unknown  
       52   1    1.0000E-01  Free s     -1     36     40      1      3       0      0      0  unknown  
       53   1    1.0000E-01  Free s     -1     36     42      2      1       0      0      0  unknown  
       54   1    1.0000E-01  Free s     -1     37     38      1      3       0      0      0  unknown  
       55   1    1.4142E-01  Free s     -1     37     40      2      1       0      0      0  unknown  
       56   1    1.0000E-01  Free s     -1     38     43      2      3       0      0      0  unknown  
       57   1    1.0000E-01  Free s     -1     39     44      2      1       0      0      0  unknown  
       58   1    1.0000E-01  Free s     -1     40     57      2      3       0      0      0  unknown  
       59   1    1.0000E-01  Free s     -1     41     52      3      1       0      0      0  unknown  
       60   1    1.4142E-01  Free s     -1     41     55      2      3       0      0      0  unknown  
       61   1    1.0000E-01  Free s     -1     42     55      3      1       0      0      0  unknown  
       62   1    1.4142E-01  Free s     -1     42     56      2      3       0      0      0  unknown  
       63   1    1.0000E-01  Free s     -1     43     44      1      3       0      0      0  unknown  
       64   1    1.4142E-01  Free s     -1     43     58      2      1       0      0      0  unknown  
       65   1    1.4142E-01  Free s     -1     44     59      2      3       0      0      0  unknown  
       66   1    1.0000E-01  Free s     -1     45     47      1      3       0      0      0  unknown  
       67   1    1.4142E-01  Free s     -1     45     53      2      1       0      0      0  unknown  
       68   1    1.4142E-01  Free s     -1     46     47      2      1       0      0      0  unknown  
       69   1    1.0000E-01  Free s     -1     46     49      1      3       0      0      0  unknown  
       70   1    1.0000E-01  Free s     -1     47     68      2      3       0      0      0  unknown  
       71   1    1.4142E-01  Free s     -1     48     49      2      1       0      0      0  unknown  
       72   1    1.0000E-01  Free s     -1     48     50      1      3       0      0      0  unknown  
       73   1    1.0000E-01  Free s     -1     49     69      2      3       0      0      0  unknown  
       74   1    1.4142E-01  Free s     -1     50     51      2      3       0      0      0  unknown  
       75   1    1.0000E-01  Free s     -1     51     54      1      3       0      0      0  unknown  
       76   1    1.0000E-01  Free s     -1     51     70      2      1       0      0      0  unknown  
       77   1    1.4142E-01  Free s     -1     52     54      2      1       0      0      0  unknown  
       78   1    1.0000E-01  Free s     -1     53     66      2      3       0      0      0  unknown  
       79   1    1.0000E-01  Free s     -1     54     71      2      3       0      0      0  unknown  
       80   1    1.0000E-01  Free s     -1     55     61      2      1       0      0      0  unknown  
       81   1    1.0000E-01  Free s     -1     56     60      1      3       0      0      0  unknown  
       82   1    1.0000E-01  Free s     -1     56     63      2      1       0      0      0  unknown  
       83   1    1.0000E-01  Free s     -1     57     58      1      3       0      0      0  unknown  
       84   1    1.4142E-01  Free s     -1     57     60      2      1       0      0      0  unknown  
       85   1    1.0000E-01  Free s     -1     58     64      2      3       0      0      0  unknown  
       86   1    1.0000E-01  Free s     -1     59     65      2      1       0      0      0  unknown  
       87   1    1.0000E-01  Free s     -1     60     76      2      3       0      0      0  unknown  
       88   1    1.4142E-01  Free s     -1     61     62      2      3       0      0      0  unknown  
       89   1    1.0000E-01  Free s     -1     61     71      3      1       0      0      0  unknown  
       90   1    1.0000E-01  Free s     -1     62     63      1      3       0      0      0  unknown  
       91   1    1.0000E-01  Free s     -1     62     81      2      1       0      0      0  unknown  
       92   1    1.4142E-01  Free s     -1     63     75      2      3       0      0      0  unknown  
       93   1    1.0000E-01  Free s     -1     64     65      1      3       0      0      0  unknown  
       94   1    1.4142E-01  Free s     -1     64     78      2      1       0      0      0  unknown  
       95   1    1.4142E-01  Free s     -1     65     79      2      3       0      0      0  unknown  
       96   1    1.4142E-01  Free s     -1     66     67      2      1       0      0      0  unknown  
       97   1    1.0000E-01  Free s     -1     66     73      1      3       0      0      0  unknown  
       98   1    1.0000E-01  Free s     -1     67     86      2      3       0      0      0  unknown  
       99   1    1.4142E-01  Free s     -1     68     73      2      1       0      0      0  unknown  
      100   1    1.0000E-01  Free s     -1     68     74      1      3       0      0      0  unknown  
      101   1    1.0000E-01  Free s     -1     69     70      1      3       0      0      0  unknown  
      102   1    1.4142E-01  Free s     -1     69     74      2      1       0      0      0  unknown  
      103   1    1.4142E-01  Free s     -1     70     80      2      3       0      0      0  unknown  
      104   1    1.4142E-01  Free s     -1     71     72      2      1       0      0      0  unknown  
      105   1    1.0000E-01  Free s     -1     72     80      3      1       0      0      0  unknown  
      106   1    1.0000E-01  Free s     -1     72     93      2      3       0      0      0  unknown  
      107   1    1.0000E-01  Free s     -1     73     88      2      3       0      0      0  unknown  
      108   1    1.0000E-01  Free s     -1     74     90      2      3       0      0      0  unknown  
      109   1    1.0000E-01  Free s     -1     75     77      1      3       0      0      0  unknown  
      110   1    1.0000E-01  Free s     -1     75     83      2      1       0      0      0  unknown  
      111   1    1.4142E-01  Free s     -1     76     77      2      1       0      0      0  unknown  
      112   1    1.0000E-01  Free s     -1     76     78      1      3       0      0      0  unknown  
      113   1    1.0000E-01  Free s     -1     77     96      2      3       0      0      0  unknown  
      114   1    1.0000E-01  Free s     -1     78     84      2      3       0      0      0  unknown  
      115   1    1.0000E-01  Free s     -1     79     85      2      1       0      0      0  unknown  
      116   1    1.0000E-01  Free s     -1     80     92      2      3       0      0      0  unknown  
      117   1    1.4142E-01  Free s     -1     81     82      2      3       0      0      0  unknown  
      118   1    1.0000E-01  Free s     -1     81     93      3      1       0      0      0  unknown  
      119   1    1.0000E-01  Free s     -1     82     83      1      3       0      0      0  unknown  
      120   1    1.0000E-01  Free s     -1     82    110      2      1       0      0      0  unknown  
      121   1    1.4142E-01  Free s     -1     83     95      2      3       0      0      0  unknown  
      122   1    1.0000E-01  Free s     -1     84     85      1      3       0      0      0  unknown  
      123   1    1.4142E-01  Free s     -1     84     98      2      1       0      0      0  unknown  
      124   1    1.4142E-01  Free s     -1     85     99      2      3       0      0      0  unknown  
      125   1    1.4142E-01  Free s     -1     86     87      2      1       0      0      0  unknown  
      126   1    1.0000E-01  Free s     -1     86     89      1      3       0      0      0  unknown  
      127   1    1.0000E-01  Free s     -1     87    101      2      3       0      0      0  unknown  
      128   1    1.4142E-01  Free s     -1     88     89      2      1       0      0      0  unknown  
      129   1    1.0000E-01  Free s     -1     88     91      1      3       0      0      0  unknown  
      130   1    1.0000E-01  Free s     -1     89    103      2      3       0      0      0  unknown  
      131   1    1.4142E-01  Free s     -1     90     91      2      1       0      0      0  unknown  
      132   1    1.0000E-01  Free s     -1     90    100      1      3       0      0      0  unknown  
      133   1    1.0000E-01  Free s     -1     91    105      2      3       0      0      0  unknown  
      134   1    1.0000E-01  Free s     -1     92     94      1      3       0      0      0  unknown  
      135   1    1.4142E-01  Free s     -1     92    100      2      1       0      0      0  unknown  
      136   1    1.4142E-01  Free s     -1     93     94      2      1       0      0      0  unknown  
      137   1    1.0000E-01  Free s     -1     94    108      2      3       0      0      0  unknown  
      138   1    1.0000E-01  Free s     -1     95     97      1      3       0      0      0  unknown  
      139   1    1.0000E-01  Free s     -1     95    112      2      1       0      0      0  unknown  
      140   1    1.4142E-01  Free s     -1     96     97      2      1       0      0      0  unknown  
      141   1    1.0000E-01  Free s     -1     96     98      1      3       0      0      0  unknown  
      142   1    1.0000E-01  Free s     -1     97    119      2      3       0      0      0  unknown  
      143   1    1.0000E-01  Free s     -1     98    114      2      3       0      0      0  unknown  
      144   1    1.0000E-01  Free s     -1     99    116      2      1       0      0      0  unknown  
      145   1    1.0000E-01  Free s     -1    100    107      2      1       0      0      0  unknown  
      146   1    1.4142E-01  Free s     -1    101    102      2      1       0      0      0  unknown  
      147   1    1.0000E-01  Free s     -1    101    104      1      3       0      0      0  unknown  
      148   1    1.0000E-01  Free s     -1    102    136      2      3       0      0      0  unknown  
      149   1    1.4142E-01  Free s     -1    103    104      2      1       0      0      0  unknown  
      150   1    1.0000E-01  Free s     -1    103    106      1      3       0      0      0  unknown  
      151   1    1.0000E-01  Free s     -1    104    121      2      3       0      0      0  unknown  
      152   1    1.4142E-01  Free s     -1    105    106      2      1       0      0      0  unknown  
      153   1    1.0000E-01  Free s     -1    105    107      1      3       0      0      0  unknown  
      154   1    1.0000E-01  Free s     -1    106    123      2      3       0      0      0  unknown  
      155   1    1.4142E-01  Free s     -1    107    118      2      3       0      0      0  unknown  
      156   1    1.4142E-01  Free s     -1    108    109      2      1       0      0      0  unknown  
      157   1    1.0000E-01  Free s     -1    108    110      1      3       0      0      0  unknown  
      158   1    1.0000E-01  Free s     -1    109    118      3      1       0      0      0  unknown  
      159   1    1.0000E-01  Free s     -1    109    126      2      3       0      0      0  unknown  
      160   1    1.4142E-01  Free s     -1    110    111      2      3       0      0      0  unknown  
      161   1    1.0000E-01  Free s     -1    111    112      1      3       0      0      0  unknown  
      162   1    1.0000E-01  Free s     -1    111    128      2      1       0      0      0  unknown  
      163   1    1.4142E-01  Free s     -1    112    113      2      3       0      0      0  unknown  
      164   1    1.0000E-01  Free s     -1    113    120      1      3       0      0      0  unknown  
      165   1    1.0000E-01  Free s     -1    113    130      2      1       0      0      0  unknown  
      166   1    1.4142E-01  Free s     -1    114    115      2      1       0      0      0  unknown  
      167   1    1.0000E-01  Free s     -1    114    116      1      3       0      0      0  unknown  
      168   1    1.0000E-01  Free s     -1    115    119      3      1       0      0      0  unknown  
      169   1    1.0000E-01  Free s     -1    115    132      2      3       0      0      0  unknown  
      170   1    1.4142E-01  Free s     -1    116    117      2      3       0      0      0  unknown  
      171   1    1.0000E-01  Free s     -1    117    134      2      1       0      0      0  unknown  
      172   1    1.0000E-01  Free s     -1    118    124      2      1       0      0      0  unknown  
      173   1    1.4142E-01  Free s     -1    119    120      2      1       0      0      0  unknown  
      174   1    1.0000E-01  Free s     -1    120    139      2      3       0      0      0  unknown  
      175   1    1.4142E-01  Free s     -1    121    122      2      1       0      0      0  unknown  
      176   1    1.0000E-01  Free s     -1    121    138      1      3       0      0      0  unknown  
      177   1    1.0000E-01  Free s     -1    122    136      3      1       0      0      0  unknown  
      178   1    1.0000E-01  Free s     -1    122    141      2      3       0      0      0  unknown  
      179   1    1.0000E-01  Free s     -1    123    124      1      3       0      0      0  unknown  
      180   1    1.4142E-01  Free s     -1    123    138      2      1       0      0      0  unknown  
      181   1    1.4142E-01  Free s     -1    124    125      2      3       0      0      0  unknown  
      182   1    1.0000E-01  Free s     -1    125    127      1      3       0      0      0  unknown  
      183   1    1.0000E-01  Free s     -1    125    144      2      1       0      0      0  unknown  
      184   1    1.4142E-01  Free s     -1    126    127      2      1       0      0      0  unknown  
      185   1    1.0000E-01  Free s     -1    126    128      1      3       0      0      0  unknown  
      186   1    1.0000E-01  Free s     -1    127    145      2      3       0      0      0  unknown  
      187   1    1.4142E-01  Free s     -1    128    129      2      3       0      0      0  unknown  
      188   1    1.0000E-01  Free s     -1    129    130      1      3       0      0      0  unknown  
      189   1    1.0000E-01  Free s     -1    129    147      2      1       0      0      0  unknown  
      190   1    1.4142E-01  Free s     -1    130    131      2      3       0      0      0  unknown  
      191   1    1.0000E-01  Free s     -1    131    140      1      3       0      0      0  unknown  
      192   1    1.0000E-01  Free s     -1    131    149      2      1       0      0      0  unknown  
      193   1    1.4142E-01  Free s     -1    132    133      2      1       0      0      0  unknown  
      194   1    1.0000E-01  Free s     -1    132    134      1      3       0      0      0  unknown  
      195   1    1.0000E-01  Free s     -1    133    139      3      1       0      0      0  unknown  
      196   1    1.0000E-01  Free s     -1    133    151      2      3       0      0      0  unknown  
      197   1    1.4142E-01  Free s     -1    134    135      2      3       0      0      0  unknown  
      198   1    1.0000E-01  Free s     -1    135    153      2      1       0      0      0  unknown  
      199   1    1.4142E-01  Free s     -1    136    137      2      1       0      0      0  unknown  
      200   1    1.0000E-01  Free s     -1    137    155      2      3       0      0      0  unknown  
      201   1    1.0000E-01  Free s     -1    138    142      2      3       0      0      0  unknown  
      202   1    1.4142E-01  Free s     -1    139    140      2      1       0      0      0  unknown  
      203   1    1.0000E-01  Free s     -1    140    159      2      3       0      0      0  unknown  
      204   1    1.0000E-01  Free s     -1    141    143      1      3       0      0      0  unknown  
      205   1    1.4142E-01  Free s     -1    141    157      2      1       0      0      0  unknown  
      206   1    1.4142E-01  Free s     -1    142    143      2      1       0      0      0  unknown  
      207   1    1.0000E-01  Free s     -1    142    144      1      3       0      0      0  unknown  
      208   1    1.0000E-01  Free s     -1    143    168      2      3       0      0      0  unknown  
      209   1    1.4142E-01  Free s     -1    144    158      2      3       0      0      0  unknown  
      210   1    1.4142E-01  Free s     -1    145    146      2      1       0      0      0  unknown  
      211   1    1.0000E-01  Free s     -1    145    147      1      3       0      0      0  unknown  
      212   1    1.0000E-01  Free s     -1    146    158      3      1       0      0      0  unknown  
      213   1    1.0000E-01  Free s     -1    146    172      2      3       0      0      0  unknown  
      214   1    1.4142E-01  Free s     -1    147    148      2      3       0      0      0  unknown  
      215   1    1.0000E-01  Free s     -1    148    149      1      3       0      0      0  unknown  
      216   1    1.0000E-01  Free s     -1    148    161      2      1       0      0      0  unknown  
      217   1    1.4142E-01  Free s     -1    149    150      2      3       0      0      0  unknown  
      218   1    1.0000E-01  Free s     -1    150    160      1      3       0      0      0  unknown  
      219   1    1.0000E-01  Free s     -1    150    162      2      1       0      0      0  unknown  
      220   1    1.4142E-01  Free s     -1    151    152      2      1       0      0      0  unknown  
      221   1    1.0000E-01  Free s     -1    151    153      1      3       0      0      0  unknown  
      222   1    1.0000E-01  Free s     -1    152    159      3      1       0      0      0  unknown  
      223   1    1.0000E-01  Free s     -1    152    163      2      3       0      0      0  unknown  
      224   1    1.4142E-01  Free s     -1    153    154      2      3       0      0      0  unknown  
      225   1    1.0000E-01  Free s     -1    154    164      2      1       0      0      0  unknown  
      226   1    1.4142E-01  Free s     -1    155    156      2      1       0      0      0  unknown  
      227   1    1.0000E-01  Free s     -1    155    157      1      3       0      0      0  unknown  
      228   1    1.0000E-01  Free s     -1    156    165      2      3       0      0      0  unknown  
      229   1    1.0000E-01  Free s     -1    157    167      2      3       0      0      0  unknown  
      230   1    1.0000E-01  Free s     -1    158    170      2      3       0      0      0  unknown  
      231   1    1.4142E-01  Free s     -1    159    160      2      1       0      0      0  unknown  
      232   1    1.0000E-01  Free s     -1    160    176      2      3       0      0      0  unknown  
      233   1    1.0000E-01  Free s     -1    161    172      3      1       0      0      0  unknown  
      234   1    1.4142E-01  Free s     -1    161    174      2      3       0      0      0  unknown  
      235   1    1.0000E-01  Free s     -1    162    174      3      1       0      0      0  unknown  
      236   1    1.4142E-01  Free s     -1    162    175      2      3       0      0      0  unknown  
      237   1    1.0000E-01  Free s     -1    163    164      1      3       0      0      0  unknown  
      238   1    1.4142E-01  Free s     -1    163    180      2      1       0      0      0  unknown  
      239   1    1.4142E-01  Free s     -1    164    177      2      3       0      0      0  unknown  
      240   1    1.4142E-01  Free s     -1    165    166      2      1       0      0      0  unknown  
      241   1    1.0000E-01  Free s     -1    165    178      1      3       0      0      0  unknown  
      242   1    1.0000E-01  Free s     -1    166    181      2      3       0      0      0  unknown  
      243   1    1.0000E-01  Free s     -1    167    169      1      3       0      0      0  unknown  
      244   1    1.4142E-01  Free s     -1    167    178      2      1       0      0      0  unknown  
      245   1    1.4142E-01  Free s     -1    168    169      2      1       0      0      0  unknown  
      246   1    1.0000E-01  Free s     -1    168    171      1      3       0      0      0  unknown  
      247   1    1.0000E-01  Free s     -1    169    185      2      3       0      0      0  unknown  
      248   1    1.4142E-01  Free s     -1    170    171      2      1       0      0      0  unknown  
      249   1    1.0000E-01  Free s     -1    170    173      1      3       0      0      0  unknown  
      250   1    1.0000E-01  Free s     -1    171    187      2      3       0      0      0  unknown  
      251   1    1.4142E-01  Free s     -1    172    173      2      1       0      0      0  unknown  
      252   1    1.0000E-01  Free s     -1    173    189      2      3       0      0      0  unknown  
      253   1    1.0000E-01  Free s     -1    174    191      2      3       0      0      0  unknown  
      254   1    1.0000E-01  Free s     -1    175    179      1      3       0      0      0  unknown  
      255   1    1.0000E-01  Free s     -1    175    193      2      3       0      0      0  unknown  
      256   1    1.4142E-01  Free s     -1    176    179      2      1       0      0      0  unknown  
      257   1    1.0000E-01  Free s     -1    176    180      1      3       0      0      0  unknown  
      258   1    1.0000E-01  Free s     -1    177    199      2      3       0      0      0  unknown  
      259   1    1.0000E-01  Free s     -1    178    183      2      3       0      0      0  unknown  
      260   1    1.0000E-01  Free s     -1    179    195      2      3       0      0      0  unknown  
      261   1    1.0000E-01  Free s     -1    180    197      2      3       0      0      0  unknown  
      262   1    1.4142E-01  Free s     -1    181    182      2      1       0      0      0  unknown  
      263   1    1.0000E-01  Free s     -1    181    184      1      3       0      0      0  unknown  
      264   1    1.4142E-01  Free s     -1    183    184      2      1       0      0      0  unknown  
      265   1    1.0000E-01  Free s     -1    183    186      1      3       0      0      0  unknown  
      266   1    1.4142E-01  Free s     -1    185    186      2      1       0      0      0  unknown  
      267   1    1.0000E-01  Free s     -1    185    188      1      3       0      0      0  unknown  
      268   1    1.4142E-01  Free s     -1    187    188      2      1       0      0      0  unknown  
      269   1    1.0000E-01  Free s     -1    187    190      1      3       0      0      0  unknown  
      270   1    1.4142E-01  Free s     -1    189    190      2      1       0      0      0  unknown  
      271   1    1.0000E-01  Free s     -1    189    192      1      3       0      0      0  unknown  
      272   1    1.4142E-01  Free s     -1    191    192      2      1       0      0      0  unknown  
      273   1    1.0000E-01  Free s     -1    191    194      1      3       0      0      0  unknown  
      274   1    1.4142E-01  Free s     -1    193    194      2      1       0      0      0  unknown  
      275   1    1.0000E-01  Free s     -1    193    196      1      3       0      0      0  unknown  
      276   1    1.4142E-01  Free s     -1    195    196      2      1       0      0      0  unknown  
      277   1    1.0000E-01  Free s     -1    195    198      1      3       0      0      0  unknown  
      278   1    1.4142E-01  Free s     -1    197    198      2      1       0      0      0  unknown  
      279   1    1.0000E-01  Free s     -1    197    200      1      3       0      0      0  unknown  
      280   1    1.4142E-01  Free s     -1    199    200      2      1       0      0      0  unknown  


                                DATA FOR MEMORY USAGE

 Number of metallic triangles:             200                                max. triangles:    MAXNDR    =      200
 Number of dielectric triangles:             0
 Number of aperture triangles:               0
 Number of RL-GO triangles:                  0
 Number of windscreen triangles:             0
 Number of FEM surface triangles:            0
 Number of modal port triangles:             0
 Number of metallic segments:                0                                max. segments:     MAXNSEG   =        0
 Number of combined MoM/MTL segments:        0
 Number of dielectr./magnet. cuboids:        0                                max. cuboids:      MAXNQUA   =        0
 Number of tetrahedra:                       0                                max. tetrahedra:   MAXNTETRA =        0
 Number of edges in PO region:               0                                max. edges:        MAXPOKA   =        0
 Number of wedges in PO region:              0                                max. wedges:       MAXPOKL   =        0
 Number of Fock regions:                     0                                max. Fock regions: MAXFOGE   =        0
 Number of polygonal surfaces:               0                                max. surfaces:     MAXPOLYF  =        0
                                                                              max. corner pts.:  MAXPOLYP  =        0
 Number of UTD cylinders:                    0

 Number of metallic edges (MoM):           280  unknown:      280 (electr.)   max. edges:        MAXNKA    =      300
                                             0  unknown:        0 (magnet.)
 Number of metallic edges (PO):              0  unknown:        0 (electr.)
                                                unknown:        0 (magnet.)
 Number of dielectric edges (MoM):           0  unknown:        0 (electr.)
                                             0                  0 (magnet.)
 Number of dielectric edges (PO):            0  unknown:        0 (electr.)
                                                unknown:        0 (magnet.)
 Number of aperture edges (MoM):             0  unknown:        0 (magnet.) 
 Number of edges FEM/MoM surface:            0  unknown:        0 (electr.)
                                             0                  0 (magnet.)
 Number of nodes between segments:           0  unknown:        0             max. nodes:        MAXNKNO   =        0
 Number of connection points:                0  unknown:        0             max. conn.:        MAXNV     =        0
 Number of dielectric cuboids:               0  unknown:        0             max. cuboids:      MAXNQUA   =        0
 Number of magnetic cuboids:                 0  unknown:        0
 Number of dielectric faces (VEP):           0  unknown:        0
 Number of magnetic faces (VEP):             0  unknown:        0

 Number of basis funct. for MoM:           280  unknown:      280             max. basisf.       MAXNZEILE =      300
 Number of basis funct. for PO:              0  unknown:        0             max. basisf.       MAXNKAPO  =        0

 read from input file:
EN       0    0    0    0    0 0.000E+00 0.000E+00 0.000E+00 0.000E+00 0.000E+00 0.000E+00 0.000E+00 0.000E+00
